# JRE version: OpenJDK Runtime Environment (8.0_242-b01) (build 1.8.0_242-release-1644-b01)
# Java VM: OpenJDK 64-Bit Server VM (25.242-b01 mixed mode windows-amd64 compressed oops)
Heap:
 PSYoungGen      total 243200K, used 78759K [0x00000000e0000000, 0x00000000f2880000, 0x0000000100000000)
  eden space 218624K, 33% used [0x00000000e0000000,0x00000000e46dce30,0x00000000ed580000)
  from space 24576K, 25% used [0x00000000ed580000,0x00000000edb8cfd8,0x00000000eed80000)
  to   space 24576K, 0% used [0x00000000f1080000,0x00000000f1080000,0x00000000f2880000)
 ParOldGen       total 168448K, used 50859K [0x00000000a0000000, 0x00000000aa480000, 0x00000000e0000000)
  object space 168448K, 30% used [0x00000000a0000000,0x00000000a31aae48,0x00000000aa480000)
 Metaspace       used 74666K, capacity 79095K, committed 79104K, reserved 1118208K
  class space    used 10206K, capacity 11007K, committed 11008K, reserved 1048576K
GC Heap History (10 events):
Event: 17.642 GC heap before
{Heap before GC invocations=12 (full 2):
 PSYoungGen      total 163328K, used 130845K [0x00000000e0000000, 0x00000000edd80000, 0x0000000100000000)
  eden space 151040K, 78% used [0x00000000e0000000,0x00000000e73cd7e8,0x00000000e9380000)
  from space 12288K, 99% used [0x00000000e9380000,0x00000000e9f79fd8,0x00000000e9f80000)
  to   space 15872K, 0% used [0x00000000ece00000,0x00000000ece00000,0x00000000edd80000)
 ParOldGen       total 105984K, used 22244K [0x00000000a0000000, 0x00000000a6780000, 0x00000000e0000000)
  object space 105984K, 20% used [0x00000000a0000000,0x00000000a15b90a8,0x00000000a6780000)
 Metaspace       used 57118K, capacity 59051K, committed 59096K, reserved 1099776K
  class space    used 7879K, capacity 8320K, committed 8320K, reserved 1048576K
Event: 17.662 GC heap after
Heap after GC invocations=12 (full 2):
 PSYoungGen      total 206336K, used 15869K [0x00000000e0000000, 0x00000000ee500000, 0x0000000100000000)
  eden space 190464K, 0% used [0x00000000e0000000,0x00000000e0000000,0x00000000eba00000)
  from space 15872K, 99% used [0x00000000ece00000,0x00000000edd7f7e0,0x00000000edd80000)
  to   space 20480K, 0% used [0x00000000eba00000,0x00000000eba00000,0x00000000ece00000)
 ParOldGen       total 105984K, used 30238K [0x00000000a0000000, 0x00000000a6780000, 0x00000000e0000000)
  object space 105984K, 28% used [0x00000000a0000000,0x00000000a1d87b48,0x00000000a6780000)
 Metaspace       used 57118K, capacity 59051K, committed 59096K, reserved 1099776K
  class space    used 7879K, capacity 8320K, committed 8320K, reserved 1048576K
}
Event: 17.662 GC heap before
{Heap before GC invocations=13 (full 3):
 PSYoungGen      total 206336K, used 15869K [0x00000000e0000000, 0x00000000ee500000, 0x0000000100000000)
  eden space 190464K, 0% used [0x00000000e0000000,0x00000000e0000000,0x00000000eba00000)
  from space 15872K, 99% used [0x00000000ece00000,0x00000000edd7f7e0,0x00000000edd80000)
  to   space 20480K, 0% used [0x00000000eba00000,0x00000000eba00000,0x00000000ece00000)
 ParOldGen       total 105984K, used 30238K [0x00000000a0000000, 0x00000000a6780000, 0x00000000e0000000)
  object space 105984K, 28% used [0x00000000a0000000,0x00000000a1d87b48,0x00000000a6780000)
 Metaspace       used 57118K, capacity 59051K, committed 59096K, reserved 1099776K
  class space    used 7879K, capacity 8320K, committed 8320K, reserved 1048576K
Event: 17.914 GC heap after
Heap after GC invocations=13 (full 3):
 PSYoungGen      total 206336K, used 0K [0x00000000e0000000, 0x00000000ee500000, 0x0000000100000000)
  eden space 190464K, 0% used [0x00000000e0000000,0x00000000e0000000,0x00000000eba00000)
  from space 15872K, 0% used [0x00000000ece00000,0x00000000ece00000,0x00000000edd80000)
  to   space 20480K, 0% used [0x00000000eba00000,0x00000000eba00000,0x00000000ece00000)
 ParOldGen       total 168448K, used 36895K [0x00000000a0000000, 0x00000000aa480000, 0x00000000e0000000)
  object space 168448K, 21% used [0x00000000a0000000,0x00000000a2407de8,0x00000000aa480000)
 Metaspace       used 57097K, capacity 58979K, committed 59096K, reserved 1099776K
  class space    used 7873K, capacity 8308K, committed 8320K, reserved 1048576K
}
Event: 21.448 GC heap before
{Heap before GC invocations=14 (full 3):
 PSYoungGen      total 206336K, used 190464K [0x00000000e0000000, 0x00000000ee500000, 0x0000000100000000)
  eden space 190464K, 100% used [0x00000000e0000000,0x00000000eba00000,0x00000000eba00000)
  from space 15872K, 0% used [0x00000000ece00000,0x00000000ece00000,0x00000000edd80000)
  to   space 20480K, 0% used [0x00000000eba00000,0x00000000eba00000,0x00000000ece00000)
 ParOldGen       total 168448K, used 36895K [0x00000000a0000000, 0x00000000aa480000, 0x00000000e0000000)
  object space 168448K, 21% used [0x00000000a0000000,0x00000000a2407de8,0x00000000aa480000)
 Metaspace       used 61461K, capacity 64247K, committed 64384K, reserved 1103872K
  class space    used 8416K, capacity 8981K, committed 9088K, reserved 1048576K
Event: 21.463 GC heap after
Heap after GC invocations=14 (full 3):
 PSYoungGen      total 210944K, used 15470K [0x00000000e0000000, 0x00000000f0280000, 0x0000000100000000)
  eden space 190464K, 0% used [0x00000000e0000000,0x00000000e0000000,0x00000000eba00000)
  from space 20480K, 75% used [0x00000000eba00000,0x00000000ec91b890,0x00000000ece00000)
  to   space 21504K, 0% used [0x00000000eed80000,0x00000000eed80000,0x00000000f0280000)
 ParOldGen       total 168448K, used 36903K [0x00000000a0000000, 0x00000000aa480000, 0x00000000e0000000)
  object space 168448K, 21% used [0x00000000a0000000,0x00000000a2409de8,0x00000000aa480000)
 Metaspace       used 61461K, capacity 64247K, committed 64384K, reserved 1103872K
  class space    used 8416K, capacity 8981K, committed 9088K, reserved 1048576K
}
Event: 24.233 GC heap before
{Heap before GC invocations=15 (full 3):
 PSYoungGen      total 210944K, used 205934K [0x00000000e0000000, 0x00000000f0280000, 0x0000000100000000)
  eden space 190464K, 100% used [0x00000000e0000000,0x00000000eba00000,0x00000000eba00000)
  from space 20480K, 75% used [0x00000000eba00000,0x00000000ec91b890,0x00000000ece00000)
  to   space 21504K, 0% used [0x00000000eed80000,0x00000000eed80000,0x00000000f0280000)
 ParOldGen       total 168448K, used 36903K [0x00000000a0000000, 0x00000000aa480000, 0x00000000e0000000)
  object space 168448K, 21% used [0x00000000a0000000,0x00000000a2409de8,0x00000000aa480000)
 Metaspace       used 70512K, capacity 74601K, committed 74880K, reserved 1114112K
  class space    used 9780K, capacity 10566K, committed 10624K, reserved 1048576K
Event: 24.254 GC heap after
Heap after GC invocations=15 (full 3):
 PSYoungGen      total 240128K, used 21490K [0x00000000e0000000, 0x00000000f0780000, 0x0000000100000000)
  eden space 218624K, 0% used [0x00000000e0000000,0x00000000e0000000,0x00000000ed580000)
  from space 21504K, 99% used [0x00000000eed80000,0x00000000f027caf0,0x00000000f0280000)
  to   space 24576K, 0% used [0x00000000ed580000,0x00000000ed580000,0x00000000eed80000)
 ParOldGen       total 168448K, used 37822K [0x00000000a0000000, 0x00000000aa480000, 0x00000000e0000000)
  object space 168448K, 22% used [0x00000000a0000000,0x00000000a24ef9e0,0x00000000aa480000)
 Metaspace       used 70512K, capacity 74601K, committed 74880K, reserved 1114112K
  class space    used 9780K, capacity 10566K, committed 10624K, reserved 1048576K
}
Event: 25.855 GC heap before
{Heap before GC invocations=16 (full 3):
 PSYoungGen      total 240128K, used 240114K [0x00000000e0000000, 0x00000000f0780000, 0x0000000100000000)
  eden space 218624K, 100% used [0x00000000e0000000,0x00000000ed580000,0x00000000ed580000)
  from space 21504K, 99% used [0x00000000eed80000,0x00000000f027caf0,0x00000000f0280000)
  to   space 24576K, 0% used [0x00000000ed580000,0x00000000ed580000,0x00000000eed80000)
 ParOldGen       total 168448K, used 37822K [0x00000000a0000000, 0x00000000aa480000, 0x00000000e0000000)
  object space 168448K, 22% used [0x00000000a0000000,0x00000000a24ef9e0,0x00000000aa480000)
 Metaspace       used 74494K, capacity 78951K, committed 79104K, reserved 1118208K
  class space    used 10206K, capacity 11007K, committed 11008K, reserved 1048576K
Event: 25.873 GC heap after
Heap after GC invocations=16 (full 3):
 PSYoungGen      total 243200K, used 6195K [0x00000000e0000000, 0x00000000f2880000, 0x0000000100000000)
  eden space 218624K, 0% used [0x00000000e0000000,0x00000000e0000000,0x00000000ed580000)
  from space 24576K, 25% used [0x00000000ed580000,0x00000000edb8cfd8,0x00000000eed80000)
  to   space 24576K, 0% used [0x00000000f1080000,0x00000000f1080000,0x00000000f2880000)
 ParOldGen       total 168448K, used 50859K [0x00000000a0000000, 0x00000000aa480000, 0x00000000e0000000)
  object space 168448K, 30% used [0x00000000a0000000,0x00000000a31aae48,0x00000000aa480000)
 Metaspace       used 74494K, capacity 78951K, committed 79104K, reserved 1118208K
  class space    used 10206K, capacity 11007K, committed 11008K, reserved 1048576K
}

